<?xml version="1.0" encoding="UTF-8"?>
<testng-results ignored="0" total="1" passed="1" failed="0" skipped="0">
  <reporter-output>
  </reporter-output>
  <suite started-at="2023-04-20T13:54:13 IST" name="Default suite" finished-at="2023-04-20T13:54:37 IST" duration-ms="24150">
    <groups>
    </groups>
    <test started-at="2023-04-20T13:54:13 IST" name="Default test" finished-at="2023-04-20T13:54:37 IST" duration-ms="24150">
      <class name="webTesting.ElementVerification">
        <test-method is-config="true" signature="launchapp()[pri:0, instance:webTesting.ElementVerification@72057ecf]" started-at="2023-04-20T13:54:13 IST" name="launchapp" finished-at="2023-04-20T13:54:23 IST" duration-ms="9850" status="PASS">
          <reporter-output>
          </reporter-output>
        </test-method> <!-- launchapp -->
        <test-method signature="verifyelement()[pri:0, instance:webTesting.ElementVerification@72057ecf]" started-at="2023-04-20T13:54:23 IST" name="verifyelement" finished-at="2023-04-20T13:54:37 IST" duration-ms="14100" status="PASS">
          <reporter-output>
          </reporter-output>
        </test-method> <!-- verifyelement -->
        <test-method is-config="true" signature="closeapp()[pri:0, instance:webTesting.ElementVerification@72057ecf]" started-at="2023-04-20T13:54:37 IST" name="closeapp" finished-at="2023-04-20T13:54:37 IST" duration-ms="152" status="PASS">
          <reporter-output>
          </reporter-output>
        </test-method> <!-- closeapp -->
      </class> <!-- webTesting.ElementVerification -->
    </test> <!-- Default test -->
  </suite> <!-- Default suite -->
</testng-results>
